<?xml version="1.0" encoding="utf-8"?><testsuites name="pytest tests"><testsuite name="pytest" errors="0" failures="0" skipped="0" tests="20" time="0.224" timestamp="2025-10-09T09:50:45.887436-06:00" hostname="MacBook-Air-de-Valentino.local"><testcase classname="tests.test_app.TestTaskAPI" name="test_create_task" time="0.010" /><testcase classname="tests.test_app.TestTaskAPI" name="test_create_task_minimal" time="0.002" /><testcase classname="tests.test_app.TestTaskAPI" name="test_create_task_invalid_status" time="0.001" /><testcase classname="tests.test_app.TestTaskAPI" name="test_list_tasks_empty" time="0.002" /><testcase classname="tests.test_app.TestTaskAPI" name="test_list_tasks_with_data" time="0.002" /><testcase classname="tests.test_app.TestTaskAPI" name="test_get_task_exists" time="0.002" /><testcase classname="tests.test_app.TestTaskAPI" name="test_get_task_not_exists" time="0.001" /><testcase classname="tests.test_app.TestTaskAPI" name="test_update_task" time="0.002" /><testcase classname="tests.test_app.TestTaskAPI" name="test_update_task_not_exists" time="0.001" /><testcase classname="tests.test_app.TestTaskAPI" name="test_delete_task" time="0.002" /><testcase classname="tests.test_app.TestTaskAPI" name="test_delete_task_not_exists" time="0.001" /><testcase classname="tests.test_service.TestTaskService" name="test_create_task" time="0.000" /><testcase classname="tests.test_service.TestTaskService" name="test_get_task_exists" time="0.000" /><testcase classname="tests.test_service.TestTaskService" name="test_get_task_not_exists" time="0.000" /><testcase classname="tests.test_service.TestTaskService" name="test_list_tasks_empty" time="0.001" /><testcase classname="tests.test_service.TestTaskService" name="test_list_tasks_with_data" time="0.000" /><testcase classname="tests.test_service.TestTaskService" name="test_update_task_exists" time="0.000" /><testcase classname="tests.test_service.TestTaskService" name="test_update_task_not_exists" time="0.000" /><testcase classname="tests.test_service.TestTaskService" name="test_delete_task_exists" time="0.000" /><testcase classname="tests.test_service.TestTaskService" name="test_delete_task_not_exists" time="0.000" /></testsuite></testsuites>